<?xml version="1.0" encoding="UTF-8"?>
<!-- Generated by org.testng.reporters.JUnitReportReporter -->
<testsuite hostname="DESKTOP-JRIMQ69" failures="0" tests="1" name="test.LoginTest" time="3.441" errors="0" timestamp="2022-03-25T15:15:54 CDT" skipped="0">
  <testcase classname="test.LoginTest" name="verifiedUserShoulderBeAbleToLogin" time="3.441"/>
  <system-out/>
</testsuite> <!-- test.LoginTest -->
