<?xml version="1.0" encoding="UTF-8"?>
<!-- Generated by org.testng.reporters.JUnitReportReporter -->
<testsuite hostname="DESKTOP-JRIMQ69" failures="0" tests="1" name="test.AddContactTest" time="8.410" errors="0" timestamp="2022-03-26T15:57:39 CDT" skipped="0">
  <testcase classname="test.AddContactTest" name="validUSerShouldBeAbleToAddCustomer" time="8.410"/>
  <system-out/>
</testsuite> <!-- test.AddContactTest -->
